  源.cpp
  Project2.vcxproj -> D:\Codes\CPP\acm\A - 卿学姐与公主\Project2\Debug\Project2.exe

项目性能摘要:
     6330 毫秒 D:\Codes\CPP\acm\A - 卿学姐与公主\Project2\Project2\Project2.vcxproj   1 次调用
               6330 毫秒 Rebuild                                    1 次调用

目标性能摘要:
        0 毫秒 AfterRebuild                               1 次调用
        0 毫秒 ComputeCLCompileGeneratedXDCFiles          1 次调用
        0 毫秒 SelectCustomBuild                          1 次调用
        0 毫秒 AfterClean                                 1 次调用
        0 毫秒 ComputeManifestGeneratedLinkerInputs       1 次调用
        0 毫秒 ResolveReferences                          1 次调用
        0 毫秒 SelectClCompile                            1 次调用
        0 毫秒 GetCopyToOutputDirectoryXamlAppDefs        1 次调用
        0 毫秒 _CheckForCompileOutputs                    1 次调用
        0 毫秒 GetResolvedWinMD                           1 次调用
        0 毫秒 _Manifest                                  1 次调用
        0 毫秒 CleanPublishFolder                         1 次调用
        0 毫秒 CleanReferencedProjects                    1 次调用
        0 毫秒 _PrepareForBuild                           1 次调用
        0 毫秒 PostBuildEvent                             1 次调用
        0 毫秒 _Midl                                      1 次调用
        0 毫秒 BuildCompile                               1 次调用
        0 毫秒 BeforeClean                                1 次调用
        0 毫秒 _ClCompile                                 1 次调用
        0 毫秒 GetReferenceAssemblyPaths                  1 次调用
        0 毫秒 CreateCustomManifestResourceNames          1 次调用
        0 毫秒 AfterCppClean                              1 次调用
        0 毫秒 ComputeCLInputPDBName                      1 次调用
        0 毫秒 AfterBuild                                 1 次调用
        0 毫秒 AfterClCompile                             1 次调用
        0 毫秒 AfterBuildCompileEvent                     1 次调用
        0 毫秒 BuildCompileTraverse                       1 次调用
        0 毫秒 Clean                                      1 次调用
        0 毫秒 _CopySourceItemsToOutputDirectory          1 次调用
        0 毫秒 ComputeLinkImportLibraryOutputsForClean    1 次调用
        0 毫秒 GetFrameworkPaths                          1 次调用
        0 毫秒 AfterResourceCompile                       1 次调用
        0 毫秒 _PrepareForClean                           1 次调用
        0 毫秒 ComputeCustomBuildOutput                   1 次调用
        0 毫秒 PGInstrumentedClean                        1 次调用
        0 毫秒 _Xsd                                       1 次调用
        0 毫秒 AfterBuildGenerateSources                  1 次调用
        0 毫秒 RegisterOutput                             1 次调用
        0 毫秒 Rebuild                                    1 次调用
        0 毫秒 MakeDirsForBscMake                         1 次调用
        0 毫秒 BeforeRebuild                              1 次调用
        0 毫秒 _ResourceCompile                           1 次调用
        0 毫秒 ComputeLinkInputsFromProject               1 次调用
        0 毫秒 BeforeCppClean                             1 次调用
        0 毫秒 _Link                                      1 次调用
        0 毫秒 BuildLinkTraverse                          1 次调用
        0 毫秒 ComputeRCOutputs                           1 次调用
        0 毫秒 _XdcMake                                   1 次调用
        0 毫秒 CreateSatelliteAssemblies                  1 次调用
        0 毫秒 CopyFilesToOutputDirectory                 1 次调用
        0 毫秒 ComputeCLCompileGeneratedSbrFiles          1 次调用
        0 毫秒 ExpandSDKReferences                        1 次调用
        0 毫秒 ComputeManifestInputsTargets               1 次调用
        0 毫秒 ComputeMIDLGeneratedCompileInputs          1 次调用
        0 毫秒 GetCopyToOutputDirectoryItems              1 次调用
        0 毫秒 PrepareResourceNames                       1 次调用
        0 毫秒 AfterBuildGenerateSourcesEvent             1 次调用
        0 毫秒 SetBuildDefaultEnvironmentVariables        1 次调用
        0 毫秒 _SelectedFiles                             1 次调用
        0 毫秒 AfterResolveReferences                     1 次调用
        0 毫秒 BeforeResolveReferences                    1 次调用
        0 毫秒 PrepareForRun                              1 次调用
        0 毫秒 MakeDirsForMidl                            1 次调用
        0 毫秒 _BscMake                                   1 次调用
        0 毫秒 _Appverifier                               1 次调用
        0 毫秒 _BuildGenerateSourcesAction                1 次调用
        0 毫秒 BuildLink                                  1 次调用
        0 毫秒 ComputeCLOutputs                           1 次调用
        0 毫秒 FinalizeBuildStatus                        1 次调用
        0 毫秒 ResolveSDKReferences                       1 次调用
        0 毫秒 _ALink                                     1 次调用
        0 毫秒 ResolveProjectReferences                   1 次调用
        0 毫秒 _SplitProjectReferencesByFileExistence     1 次调用
        0 毫秒 BuildGenerateSourcesTraverse               1 次调用
        0 毫秒 ComputeLegacyManifestEmbedding             1 次调用
        0 毫秒 _CheckForInvalidConfigurationAndPlatform   1 次调用
        0 毫秒 AfterLink                                  1 次调用
        0 毫秒 ComputeRCGeneratedLinkInputs               1 次调用
        0 毫秒 BeforeClCompile                            1 次调用
        0 毫秒 BuildGenerateSources                       1 次调用
        0 毫秒 _BuildLinkAction                           1 次调用
        0 毫秒 BeforeResourceCompile                      1 次调用
        0 毫秒 AfterMidl                                  1 次调用
        0 毫秒 PreLinkEvent                               1 次调用
        0 毫秒 _Deploy                                    1 次调用
        0 毫秒 _PrepareForReferenceResolution             1 次调用
        0 毫秒 _PrepareForRebuild                         1 次调用
        0 毫秒 Build                                      1 次调用
        0 毫秒 BeforeBuildGenerateSources                 1 次调用
        0 毫秒 CppClean                                   1 次调用
        0 毫秒 PlatformPrepareForBuild                    1 次调用
        0 毫秒 MakeDirsForXdcMake                         1 次调用
        0 毫秒 _BuildCompileAction                        1 次调用
        0 毫秒 GetInstalledSDKLocations                   1 次调用
        0 毫秒 AssignProjectConfiguration                 1 次调用
        0 毫秒 ResolvedXDCMake                            1 次调用
        0 毫秒 _GenerateSatelliteAssemblyInputs           1 次调用
        0 毫秒 WarnCompileDuplicatedFilename              1 次调用
        0 毫秒 FixupCLCompileOptions                      1 次调用
        1 毫秒 ComputeReferenceCLInput                    1 次调用
        1 毫秒 MakeDirsForCl                              1 次调用
        1 毫秒 ResolveAssemblyReferences                  1 次调用
        1 毫秒 PreBuildEvent                              1 次调用
        1 毫秒 MakeDirsForResourceCompile                 1 次调用
        1 毫秒 ComputeLinkSwitches                        1 次调用
        1 毫秒 MakeDirsForLink                            1 次调用
        1 毫秒 SplitResourcesByCulture                    1 次调用
        1 毫秒 BeforeLink                                 1 次调用
        1 毫秒 ComputeCLGeneratedLinkInputs               1 次调用
        1 毫秒 AssignTargetPaths                          1 次调用
        1 毫秒 DoLinkOutputFilesMatch                     1 次调用
        3 毫秒 InitializeBuildStatus                      1 次调用
        5 毫秒 PrepareForBuild                            1 次调用
       16 毫秒 CoreClean                                  1 次调用
       16 毫秒 RunMergeNativeCodeAnalysis                 1 次调用
       24 毫秒 SetCABuildNativeEnvironmentVariables       1 次调用
       31 毫秒 CoreCppClean                               1 次调用
      253 毫秒 RunNativeCodeAnalysis                      1 次调用
      605 毫秒 Link                                       1 次调用
     5364 毫秒 ClCompile                                  1 次调用
